2025-02-25T16:12:20.932+05:30  INFO 15708 --- [EmployeePayrollApp] [restartedMain] c.b.e.EmployeePayrollAppApplication      : Starting EmployeePayrollAppApplication using Java 22.0.1 with PID 15708 (C:\EmployeePayrollSystem\EmployeePayrollApp\target\classes started by niraj in C:\EmployeePayrollSystem\EmployeePayrollApp)
2025-02-25T16:12:20.936+05:30 DEBUG 15708 --- [EmployeePayrollApp] [restartedMain] c.b.e.EmployeePayrollAppApplication      : Running with Spring Boot v3.4.3, Spring v6.2.3
2025-02-25T16:12:20.938+05:30  INFO 15708 --- [EmployeePayrollApp] [restartedMain] c.b.e.EmployeePayrollAppApplication      : No active profile set, falling back to 1 default profile: "default"
2025-02-25T16:12:21.019+05:30  INFO 15708 --- [EmployeePayrollApp] [restartedMain] .e.DevToolsPropertyDefaultsPostProcessor : Devtools property defaults active! Set 'spring.devtools.add-properties' to 'false' to disable
2025-02-25T16:12:21.020+05:30  INFO 15708 --- [EmployeePayrollApp] [restartedMain] .e.DevToolsPropertyDefaultsPostProcessor : For additional web related logging consider setting the 'logging.level.web' property to 'DEBUG'
2025-02-25T16:12:22.034+05:30  INFO 15708 --- [EmployeePayrollApp] [restartedMain] .s.d.r.c.RepositoryConfigurationDelegate : Bootstrapping Spring Data JPA repositories in DEFAULT mode.
2025-02-25T16:12:22.136+05:30  INFO 15708 --- [EmployeePayrollApp] [restartedMain] .s.d.r.c.RepositoryConfigurationDelegate : Finished Spring Data repository scanning in 87 ms. Found 1 JPA repository interface.
2025-02-25T16:12:23.020+05:30  INFO 15708 --- [EmployeePayrollApp] [restartedMain] o.s.b.w.embedded.tomcat.TomcatWebServer  : Tomcat initialized with port 8080 (http)
2025-02-25T16:12:23.042+05:30  INFO 15708 --- [EmployeePayrollApp] [restartedMain] o.apache.catalina.core.StandardService   : Starting service [Tomcat]
2025-02-25T16:12:23.042+05:30  INFO 15708 --- [EmployeePayrollApp] [restartedMain] o.apache.catalina.core.StandardEngine    : Starting Servlet engine: [Apache Tomcat/10.1.36]
2025-02-25T16:12:23.092+05:30  INFO 15708 --- [EmployeePayrollApp] [restartedMain] o.a.c.c.C.[Tomcat].[localhost].[/]       : Initializing Spring embedded WebApplicationContext
2025-02-25T16:12:23.093+05:30  INFO 15708 --- [EmployeePayrollApp] [restartedMain] w.s.c.ServletWebServerApplicationContext : Root WebApplicationContext: initialization completed in 2072 ms
2025-02-25T16:12:23.252+05:30  INFO 15708 --- [EmployeePayrollApp] [restartedMain] com.zaxxer.hikari.HikariDataSource       : HikariPool-1 - Starting...
2025-02-25T16:12:23.538+05:30  INFO 15708 --- [EmployeePayrollApp] [restartedMain] com.zaxxer.hikari.pool.HikariPool        : HikariPool-1 - Added connection conn0: url=jdbc:h2:mem:ad8ca0dd-46db-470f-a477-d64f07016969 user=SA
2025-02-25T16:12:23.540+05:30  INFO 15708 --- [EmployeePayrollApp] [restartedMain] com.zaxxer.hikari.HikariDataSource       : HikariPool-1 - Start completed.
2025-02-25T16:12:23.622+05:30  INFO 15708 --- [EmployeePayrollApp] [restartedMain] o.hibernate.jpa.internal.util.LogHelper  : HHH000204: Processing PersistenceUnitInfo [name: default]
2025-02-25T16:12:23.721+05:30  INFO 15708 --- [EmployeePayrollApp] [restartedMain] org.hibernate.Version                    : HHH000412: Hibernate ORM core version 6.6.8.Final
2025-02-25T16:12:23.784+05:30  INFO 15708 --- [EmployeePayrollApp] [restartedMain] o.h.c.internal.RegionFactoryInitiator    : HHH000026: Second-level cache disabled
2025-02-25T16:12:24.166+05:30  INFO 15708 --- [EmployeePayrollApp] [restartedMain] o.s.o.j.p.SpringPersistenceUnitInfo      : No LoadTimeWeaver setup: ignoring JPA class transformer
2025-02-25T16:12:24.256+05:30  INFO 15708 --- [EmployeePayrollApp] [restartedMain] org.hibernate.orm.connections.pooling    : HHH10001005: Database info:
	Database JDBC URL [Connecting through datasource 'HikariDataSource (HikariPool-1)']
	Database driver: undefined/unknown
	Database version: 2.3.232
	Autocommit mode: undefined/unknown
	Isolation level: undefined/unknown
	Minimum pool size: undefined/unknown
	Maximum pool size: undefined/unknown
2025-02-25T16:12:24.668+05:30  INFO 15708 --- [EmployeePayrollApp] [restartedMain] o.h.e.t.j.p.i.JtaPlatformInitiator       : HHH000489: No JTA platform available (set 'hibernate.transaction.jta.platform' to enable JTA platform integration)
2025-02-25T16:12:24.676+05:30  INFO 15708 --- [EmployeePayrollApp] [restartedMain] j.LocalContainerEntityManagerFactoryBean : Initialized JPA EntityManagerFactory for persistence unit 'default'
2025-02-25T16:12:24.767+05:30  WARN 15708 --- [EmployeePayrollApp] [restartedMain] JpaBaseConfiguration$JpaWebConfiguration : spring.jpa.open-in-view is enabled by default. Therefore, database queries may be performed during view rendering. Explicitly configure spring.jpa.open-in-view to disable this warning
2025-02-25T16:12:25.273+05:30  WARN 15708 --- [EmployeePayrollApp] [restartedMain] ConfigServletWebServerApplicationContext : Exception encountered during context initialization - cancelling refresh attempt: org.springframework.beans.factory.BeanCreationException: Error creating bean with name 'employeeRepository' defined in com.bridgelabz.employeepayrollapp.repository.EmployeeRepository defined in @EnableJpaRepositories declared on JpaRepositoriesRegistrar.EnableJpaRepositoriesConfiguration: Not a managed type: class com.bridgelabz.employeepayrollapp.model.Employee
2025-02-25T16:12:25.275+05:30  INFO 15708 --- [EmployeePayrollApp] [restartedMain] j.LocalContainerEntityManagerFactoryBean : Closing JPA EntityManagerFactory for persistence unit 'default'
2025-02-25T16:12:25.285+05:30  WARN 15708 --- [EmployeePayrollApp] [restartedMain] o.s.b.f.support.DisposableBeanAdapter    : Invocation of destroy method failed on bean with name 'inMemoryDatabaseShutdownExecutor': org.h2.jdbc.JdbcSQLNonTransientConnectionException: Database is already closed (to disable automatic closing at VM shutdown, add ";DB_CLOSE_ON_EXIT=FALSE" to the db URL) [90121-232]
2025-02-25T16:12:25.286+05:30  INFO 15708 --- [EmployeePayrollApp] [restartedMain] com.zaxxer.hikari.HikariDataSource       : HikariPool-1 - Shutdown initiated...
2025-02-25T16:12:25.288+05:30  INFO 15708 --- [EmployeePayrollApp] [restartedMain] com.zaxxer.hikari.HikariDataSource       : HikariPool-1 - Shutdown completed.
2025-02-25T16:12:25.291+05:30  INFO 15708 --- [EmployeePayrollApp] [restartedMain] o.apache.catalina.core.StandardService   : Stopping service [Tomcat]
2025-02-25T16:12:25.306+05:30  INFO 15708 --- [EmployeePayrollApp] [restartedMain] .s.b.a.l.ConditionEvaluationReportLogger : 

Error starting ApplicationContext. To display the condition evaluation report re-run your application with 'debug' enabled.
2025-02-25T16:12:25.327+05:30 ERROR 15708 --- [EmployeePayrollApp] [restartedMain] o.s.boot.SpringApplication               : Application run failed

org.springframework.beans.factory.BeanCreationException: Error creating bean with name 'employeeRepository' defined in com.bridgelabz.employeepayrollapp.repository.EmployeeRepository defined in @EnableJpaRepositories declared on JpaRepositoriesRegistrar.EnableJpaRepositoriesConfiguration: Not a managed type: class com.bridgelabz.employeepayrollapp.model.Employee
	at org.springframework.beans.factory.support.AbstractAutowireCapableBeanFactory.initializeBean(AbstractAutowireCapableBeanFactory.java:1812) ~[spring-beans-6.2.3.jar:6.2.3]
	at org.springframework.beans.factory.support.AbstractAutowireCapableBeanFactory.doCreateBean(AbstractAutowireCapableBeanFactory.java:601) ~[spring-beans-6.2.3.jar:6.2.3]
	at org.springframework.beans.factory.support.AbstractAutowireCapableBeanFactory.createBean(AbstractAutowireCapableBeanFactory.java:523) ~[spring-beans-6.2.3.jar:6.2.3]
	at org.springframework.beans.factory.support.AbstractBeanFactory.lambda$doGetBean$0(AbstractBeanFactory.java:339) ~[spring-beans-6.2.3.jar:6.2.3]
	at org.springframework.beans.factory.support.DefaultSingletonBeanRegistry.getSingleton(DefaultSingletonBeanRegistry.java:346) ~[spring-beans-6.2.3.jar:6.2.3]
	at org.springframework.beans.factory.support.AbstractBeanFactory.doGetBean(AbstractBeanFactory.java:337) ~[spring-beans-6.2.3.jar:6.2.3]
	at org.springframework.beans.factory.support.AbstractBeanFactory.getBean(AbstractBeanFactory.java:202) ~[spring-beans-6.2.3.jar:6.2.3]
	at org.springframework.beans.factory.support.DefaultListableBeanFactory.instantiateSingleton(DefaultListableBeanFactory.java:1149) ~[spring-beans-6.2.3.jar:6.2.3]
	at org.springframework.beans.factory.support.DefaultListableBeanFactory.preInstantiateSingleton(DefaultListableBeanFactory.java:1121) ~[spring-beans-6.2.3.jar:6.2.3]
	at org.springframework.beans.factory.support.DefaultListableBeanFactory.preInstantiateSingletons(DefaultListableBeanFactory.java:1056) ~[spring-beans-6.2.3.jar:6.2.3]
	at org.springframework.context.support.AbstractApplicationContext.finishBeanFactoryInitialization(AbstractApplicationContext.java:987) ~[spring-context-6.2.3.jar:6.2.3]
	at org.springframework.context.support.AbstractApplicationContext.refresh(AbstractApplicationContext.java:627) ~[spring-context-6.2.3.jar:6.2.3]
	at org.springframework.boot.web.servlet.context.ServletWebServerApplicationContext.refresh(ServletWebServerApplicationContext.java:146) ~[spring-boot-3.4.3.jar:3.4.3]
	at org.springframework.boot.SpringApplication.refresh(SpringApplication.java:752) ~[spring-boot-3.4.3.jar:3.4.3]
	at org.springframework.boot.SpringApplication.refreshContext(SpringApplication.java:439) ~[spring-boot-3.4.3.jar:3.4.3]
	at org.springframework.boot.SpringApplication.run(SpringApplication.java:318) ~[spring-boot-3.4.3.jar:3.4.3]
	at org.springframework.boot.SpringApplication.run(SpringApplication.java:1361) ~[spring-boot-3.4.3.jar:3.4.3]
	at org.springframework.boot.SpringApplication.run(SpringApplication.java:1350) ~[spring-boot-3.4.3.jar:3.4.3]
	at com.bridgelabz.employeepayrollapp.EmployeePayrollAppApplication.main(EmployeePayrollAppApplication.java:10) ~[classes/:na]
	at java.base/jdk.internal.reflect.DirectMethodHandleAccessor.invoke(DirectMethodHandleAccessor.java:103) ~[na:na]
	at java.base/java.lang.reflect.Method.invoke(Method.java:580) ~[na:na]
	at org.springframework.boot.devtools.restart.RestartLauncher.run(RestartLauncher.java:50) ~[spring-boot-devtools-3.4.3.jar:3.4.3]
Caused by: java.lang.IllegalArgumentException: Not a managed type: class com.bridgelabz.employeepayrollapp.model.Employee
	at org.hibernate.metamodel.model.domain.internal.JpaMetamodelImpl.managedType(JpaMetamodelImpl.java:223) ~[hibernate-core-6.6.8.Final.jar:6.6.8.Final]
	at org.hibernate.metamodel.model.domain.internal.MappingMetamodelImpl.managedType(MappingMetamodelImpl.java:470) ~[hibernate-core-6.6.8.Final.jar:6.6.8.Final]
	at org.hibernate.metamodel.model.domain.internal.MappingMetamodelImpl.managedType(MappingMetamodelImpl.java:100) ~[hibernate-core-6.6.8.Final.jar:6.6.8.Final]
	at org.springframework.data.jpa.repository.support.JpaMetamodelEntityInformation.<init>(JpaMetamodelEntityInformation.java:82) ~[spring-data-jpa-3.4.3.jar:3.4.3]
	at org.springframework.data.jpa.repository.support.JpaEntityInformationSupport.getEntityInformation(JpaEntityInformationSupport.java:69) ~[spring-data-jpa-3.4.3.jar:3.4.3]
	at org.springframework.data.jpa.repository.support.JpaRepositoryFactory.getEntityInformation(JpaRepositoryFactory.java:251) ~[spring-data-jpa-3.4.3.jar:3.4.3]
	at org.springframework.data.jpa.repository.support.JpaRepositoryFactory.getTargetRepository(JpaRepositoryFactory.java:215) ~[spring-data-jpa-3.4.3.jar:3.4.3]
	at org.springframework.data.jpa.repository.support.JpaRepositoryFactory.getTargetRepository(JpaRepositoryFactory.java:198) ~[spring-data-jpa-3.4.3.jar:3.4.3]
	at org.springframework.data.jpa.repository.support.JpaRepositoryFactory.getTargetRepository(JpaRepositoryFactory.java:1) ~[spring-data-jpa-3.4.3.jar:3.4.3]
	at org.springframework.data.repository.core.support.RepositoryFactorySupport.getRepository(RepositoryFactorySupport.java:386) ~[spring-data-commons-3.4.3.jar:3.4.3]
	at org.springframework.data.repository.core.support.RepositoryFactoryBeanSupport.lambda$afterPropertiesSet$4(RepositoryFactoryBeanSupport.java:350) ~[spring-data-commons-3.4.3.jar:3.4.3]
	at org.springframework.data.util.Lazy.getNullable(Lazy.java:135) ~[spring-data-commons-3.4.3.jar:3.4.3]
	at org.springframework.data.util.Lazy.get(Lazy.java:113) ~[spring-data-commons-3.4.3.jar:3.4.3]
	at org.springframework.data.repository.core.support.RepositoryFactoryBeanSupport.afterPropertiesSet(RepositoryFactoryBeanSupport.java:356) ~[spring-data-commons-3.4.3.jar:3.4.3]
	at org.springframework.data.jpa.repository.support.JpaRepositoryFactoryBean.afterPropertiesSet(JpaRepositoryFactoryBean.java:132) ~[spring-data-jpa-3.4.3.jar:3.4.3]
	at org.springframework.beans.factory.support.AbstractAutowireCapableBeanFactory.invokeInitMethods(AbstractAutowireCapableBeanFactory.java:1859) ~[spring-beans-6.2.3.jar:6.2.3]
	at org.springframework.beans.factory.support.AbstractAutowireCapableBeanFactory.initializeBean(AbstractAutowireCapableBeanFactory.java:1808) ~[spring-beans-6.2.3.jar:6.2.3]
	... 21 common frames omitted

2025-02-25T16:27:23.168+05:30  INFO 15800 --- [EmployeePayrollApp] [restartedMain] c.b.e.EmployeePayrollAppApplication      : Starting EmployeePayrollAppApplication using Java 22.0.1 with PID 15800 (C:\EmployeePayrollSystem\EmployeePayrollApp\target\classes started by niraj in C:\EmployeePayrollSystem\EmployeePayrollApp)
2025-02-25T16:27:23.173+05:30 DEBUG 15800 --- [EmployeePayrollApp] [restartedMain] c.b.e.EmployeePayrollAppApplication      : Running with Spring Boot v3.4.3, Spring v6.2.3
2025-02-25T16:27:23.174+05:30  INFO 15800 --- [EmployeePayrollApp] [restartedMain] c.b.e.EmployeePayrollAppApplication      : No active profile set, falling back to 1 default profile: "default"
2025-02-25T16:27:23.254+05:30  INFO 15800 --- [EmployeePayrollApp] [restartedMain] .e.DevToolsPropertyDefaultsPostProcessor : Devtools property defaults active! Set 'spring.devtools.add-properties' to 'false' to disable
2025-02-25T16:27:23.254+05:30  INFO 15800 --- [EmployeePayrollApp] [restartedMain] .e.DevToolsPropertyDefaultsPostProcessor : For additional web related logging consider setting the 'logging.level.web' property to 'DEBUG'
2025-02-25T16:27:24.276+05:30  INFO 15800 --- [EmployeePayrollApp] [restartedMain] .s.d.r.c.RepositoryConfigurationDelegate : Bootstrapping Spring Data JPA repositories in DEFAULT mode.
2025-02-25T16:27:24.366+05:30  INFO 15800 --- [EmployeePayrollApp] [restartedMain] .s.d.r.c.RepositoryConfigurationDelegate : Finished Spring Data repository scanning in 76 ms. Found 1 JPA repository interface.
2025-02-25T16:27:25.291+05:30  INFO 15800 --- [EmployeePayrollApp] [restartedMain] o.s.b.w.embedded.tomcat.TomcatWebServer  : Tomcat initialized with port 8080 (http)
2025-02-25T16:27:25.312+05:30  INFO 15800 --- [EmployeePayrollApp] [restartedMain] o.apache.catalina.core.StandardService   : Starting service [Tomcat]
2025-02-25T16:27:25.313+05:30  INFO 15800 --- [EmployeePayrollApp] [restartedMain] o.apache.catalina.core.StandardEngine    : Starting Servlet engine: [Apache Tomcat/10.1.36]
2025-02-25T16:27:25.365+05:30  INFO 15800 --- [EmployeePayrollApp] [restartedMain] o.a.c.c.C.[Tomcat].[localhost].[/]       : Initializing Spring embedded WebApplicationContext
2025-02-25T16:27:25.365+05:30  INFO 15800 --- [EmployeePayrollApp] [restartedMain] w.s.c.ServletWebServerApplicationContext : Root WebApplicationContext: initialization completed in 2110 ms
2025-02-25T16:27:25.535+05:30  INFO 15800 --- [EmployeePayrollApp] [restartedMain] com.zaxxer.hikari.HikariDataSource       : HikariPool-1 - Starting...
2025-02-25T16:27:25.819+05:30  INFO 15800 --- [EmployeePayrollApp] [restartedMain] com.zaxxer.hikari.pool.HikariPool        : HikariPool-1 - Added connection conn0: url=jdbc:h2:mem:fbc39ad2-565b-432f-8b30-d23f68ebbb1d user=SA
2025-02-25T16:27:25.821+05:30  INFO 15800 --- [EmployeePayrollApp] [restartedMain] com.zaxxer.hikari.HikariDataSource       : HikariPool-1 - Start completed.
2025-02-25T16:27:25.904+05:30  INFO 15800 --- [EmployeePayrollApp] [restartedMain] o.hibernate.jpa.internal.util.LogHelper  : HHH000204: Processing PersistenceUnitInfo [name: default]
2025-02-25T16:27:26.003+05:30  INFO 15800 --- [EmployeePayrollApp] [restartedMain] org.hibernate.Version                    : HHH000412: Hibernate ORM core version 6.6.8.Final
2025-02-25T16:27:26.069+05:30  INFO 15800 --- [EmployeePayrollApp] [restartedMain] o.h.c.internal.RegionFactoryInitiator    : HHH000026: Second-level cache disabled
2025-02-25T16:27:26.495+05:30  INFO 15800 --- [EmployeePayrollApp] [restartedMain] o.s.o.j.p.SpringPersistenceUnitInfo      : No LoadTimeWeaver setup: ignoring JPA class transformer
2025-02-25T16:27:26.601+05:30  INFO 15800 --- [EmployeePayrollApp] [restartedMain] org.hibernate.orm.connections.pooling    : HHH10001005: Database info:
	Database JDBC URL [Connecting through datasource 'HikariDataSource (HikariPool-1)']
	Database driver: undefined/unknown
	Database version: 2.3.232
	Autocommit mode: undefined/unknown
	Isolation level: undefined/unknown
	Minimum pool size: undefined/unknown
	Maximum pool size: undefined/unknown
2025-02-25T16:27:27.411+05:30  INFO 15800 --- [EmployeePayrollApp] [restartedMain] o.h.m.i.EntityInstantiatorPojoStandard   : HHH000182: No default (no-argument) constructor for class: com.bridgelabz.employeepayrollapp.model.Employee (class must be instantiated by Interceptor)
2025-02-25T16:27:27.578+05:30  INFO 15800 --- [EmployeePayrollApp] [restartedMain] o.h.e.t.j.p.i.JtaPlatformInitiator       : HHH000489: No JTA platform available (set 'hibernate.transaction.jta.platform' to enable JTA platform integration)
2025-02-25T16:27:27.619+05:30  INFO 15800 --- [EmployeePayrollApp] [restartedMain] j.LocalContainerEntityManagerFactoryBean : Initialized JPA EntityManagerFactory for persistence unit 'default'
2025-02-25T16:27:27.704+05:30  WARN 15800 --- [EmployeePayrollApp] [restartedMain] JpaBaseConfiguration$JpaWebConfiguration : spring.jpa.open-in-view is enabled by default. Therefore, database queries may be performed during view rendering. Explicitly configure spring.jpa.open-in-view to disable this warning
2025-02-25T16:27:28.320+05:30  INFO 15800 --- [EmployeePayrollApp] [restartedMain] o.s.b.a.h2.H2ConsoleAutoConfiguration    : H2 console available at '/h2-console'. Database available at 'jdbc:h2:mem:fbc39ad2-565b-432f-8b30-d23f68ebbb1d'
2025-02-25T16:27:28.393+05:30  INFO 15800 --- [EmployeePayrollApp] [restartedMain] o.s.b.d.a.OptionalLiveReloadServer       : LiveReload server is running on port 35729
2025-02-25T16:27:28.434+05:30  INFO 15800 --- [EmployeePayrollApp] [restartedMain] o.s.b.w.embedded.tomcat.TomcatWebServer  : Tomcat started on port 8080 (http) with context path '/'
2025-02-25T16:27:28.443+05:30  INFO 15800 --- [EmployeePayrollApp] [restartedMain] c.b.e.EmployeePayrollAppApplication      : Started EmployeePayrollAppApplication in 6.022 seconds (process running for 6.742)
2025-02-25T16:27:48.076+05:30  INFO 15800 --- [EmployeePayrollApp] [http-nio-8080-exec-2] o.a.c.c.C.[Tomcat].[localhost].[/]       : Initializing Spring DispatcherServlet 'dispatcherServlet'
2025-02-25T16:27:48.077+05:30  INFO 15800 --- [EmployeePayrollApp] [http-nio-8080-exec-2] o.s.web.servlet.DispatcherServlet        : Initializing Servlet 'dispatcherServlet'
2025-02-25T16:27:48.078+05:30  INFO 15800 --- [EmployeePayrollApp] [http-nio-8080-exec-2] o.s.web.servlet.DispatcherServlet        : Completed initialization in 1 ms
2025-02-25T16:27:48.209+05:30  INFO 15800 --- [EmployeePayrollApp] [http-nio-8080-exec-2] c.b.e.controller.EmployeeController      : PUT /update/2 - Updating employee
2025-02-25T16:27:48.210+05:30  INFO 15800 --- [EmployeePayrollApp] [http-nio-8080-exec-2] c.b.e.service.EmployeePayrollService     : Fetching employee with ID: 2
2025-02-25T16:27:48.211+05:30 ERROR 15800 --- [EmployeePayrollApp] [http-nio-8080-exec-2] c.b.e.service.EmployeePayrollService     : Employee not found with ID: 2
2025-02-25T16:27:48.221+05:30 ERROR 15800 --- [EmployeePayrollApp] [http-nio-8080-exec-2] o.a.c.c.C.[.[.[/].[dispatcherServlet]    : Servlet.service() for servlet [dispatcherServlet] in context with path [] threw exception [Request processing failed: java.lang.RuntimeException: Employee not found with id: 2] with root cause

java.lang.RuntimeException: Employee not found with id: 2
	at com.bridgelabz.employeepayrollapp.service.EmployeePayrollService.updateEmployee(EmployeePayrollService.java:51) ~[classes/:na]
	at com.bridgelabz.employeepayrollapp.controller.EmployeeController.updateEmployee(EmployeeController.java:48) ~[classes/:na]
	at java.base/jdk.internal.reflect.DirectMethodHandleAccessor.invoke(DirectMethodHandleAccessor.java:103) ~[na:na]
	at java.base/java.lang.reflect.Method.invoke(Method.java:580) ~[na:na]
	at org.springframework.web.method.support.InvocableHandlerMethod.doInvoke(InvocableHandlerMethod.java:257) ~[spring-web-6.2.3.jar:6.2.3]
	at org.springframework.web.method.support.InvocableHandlerMethod.invokeForRequest(InvocableHandlerMethod.java:190) ~[spring-web-6.2.3.jar:6.2.3]
	at org.springframework.web.servlet.mvc.method.annotation.ServletInvocableHandlerMethod.invokeAndHandle(ServletInvocableHandlerMethod.java:118) ~[spring-webmvc-6.2.3.jar:6.2.3]
	at org.springframework.web.servlet.mvc.method.annotation.RequestMappingHandlerAdapter.invokeHandlerMethod(RequestMappingHandlerAdapter.java:986) ~[spring-webmvc-6.2.3.jar:6.2.3]
	at org.springframework.web.servlet.mvc.method.annotation.RequestMappingHandlerAdapter.handleInternal(RequestMappingHandlerAdapter.java:891) ~[spring-webmvc-6.2.3.jar:6.2.3]
	at org.springframework.web.servlet.mvc.method.AbstractHandlerMethodAdapter.handle(AbstractHandlerMethodAdapter.java:87) ~[spring-webmvc-6.2.3.jar:6.2.3]
	at org.springframework.web.servlet.DispatcherServlet.doDispatch(DispatcherServlet.java:1088) ~[spring-webmvc-6.2.3.jar:6.2.3]
	at org.springframework.web.servlet.DispatcherServlet.doService(DispatcherServlet.java:978) ~[spring-webmvc-6.2.3.jar:6.2.3]
	at org.springframework.web.servlet.FrameworkServlet.processRequest(FrameworkServlet.java:1014) ~[spring-webmvc-6.2.3.jar:6.2.3]
	at org.springframework.web.servlet.FrameworkServlet.doPut(FrameworkServlet.java:925) ~[spring-webmvc-6.2.3.jar:6.2.3]
	at jakarta.servlet.http.HttpServlet.service(HttpServlet.java:593) ~[tomcat-embed-core-10.1.36.jar:6.0]
	at org.springframework.web.servlet.FrameworkServlet.service(FrameworkServlet.java:885) ~[spring-webmvc-6.2.3.jar:6.2.3]
	at jakarta.servlet.http.HttpServlet.service(HttpServlet.java:658) ~[tomcat-embed-core-10.1.36.jar:6.0]
	at org.apache.catalina.core.ApplicationFilterChain.internalDoFilter(ApplicationFilterChain.java:195) ~[tomcat-embed-core-10.1.36.jar:10.1.36]
	at org.apache.catalina.core.ApplicationFilterChain.doFilter(ApplicationFilterChain.java:140) ~[tomcat-embed-core-10.1.36.jar:10.1.36]
	at org.apache.tomcat.websocket.server.WsFilter.doFilter(WsFilter.java:51) ~[tomcat-embed-websocket-10.1.36.jar:10.1.36]
	at org.apache.catalina.core.ApplicationFilterChain.internalDoFilter(ApplicationFilterChain.java:164) ~[tomcat-embed-core-10.1.36.jar:10.1.36]
	at org.apache.catalina.core.ApplicationFilterChain.doFilter(ApplicationFilterChain.java:140) ~[tomcat-embed-core-10.1.36.jar:10.1.36]
	at org.springframework.web.filter.RequestContextFilter.doFilterInternal(RequestContextFilter.java:100) ~[spring-web-6.2.3.jar:6.2.3]
	at org.springframework.web.filter.OncePerRequestFilter.doFilter(OncePerRequestFilter.java:116) ~[spring-web-6.2.3.jar:6.2.3]
	at org.apache.catalina.core.ApplicationFilterChain.internalDoFilter(ApplicationFilterChain.java:164) ~[tomcat-embed-core-10.1.36.jar:10.1.36]
	at org.apache.catalina.core.ApplicationFilterChain.doFilter(ApplicationFilterChain.java:140) ~[tomcat-embed-core-10.1.36.jar:10.1.36]
	at org.springframework.web.filter.FormContentFilter.doFilterInternal(FormContentFilter.java:93) ~[spring-web-6.2.3.jar:6.2.3]
	at org.springframework.web.filter.OncePerRequestFilter.doFilter(OncePerRequestFilter.java:116) ~[spring-web-6.2.3.jar:6.2.3]
	at org.apache.catalina.core.ApplicationFilterChain.internalDoFilter(ApplicationFilterChain.java:164) ~[tomcat-embed-core-10.1.36.jar:10.1.36]
	at org.apache.catalina.core.ApplicationFilterChain.doFilter(ApplicationFilterChain.java:140) ~[tomcat-embed-core-10.1.36.jar:10.1.36]
	at org.springframework.web.filter.CharacterEncodingFilter.doFilterInternal(CharacterEncodingFilter.java:201) ~[spring-web-6.2.3.jar:6.2.3]
	at org.springframework.web.filter.OncePerRequestFilter.doFilter(OncePerRequestFilter.java:116) ~[spring-web-6.2.3.jar:6.2.3]
	at org.apache.catalina.core.ApplicationFilterChain.internalDoFilter(ApplicationFilterChain.java:164) ~[tomcat-embed-core-10.1.36.jar:10.1.36]
	at org.apache.catalina.core.ApplicationFilterChain.doFilter(ApplicationFilterChain.java:140) ~[tomcat-embed-core-10.1.36.jar:10.1.36]
	at org.apache.catalina.core.StandardWrapperValve.invoke(StandardWrapperValve.java:167) ~[tomcat-embed-core-10.1.36.jar:10.1.36]
	at org.apache.catalina.core.StandardContextValve.invoke(StandardContextValve.java:90) ~[tomcat-embed-core-10.1.36.jar:10.1.36]
	at org.apache.catalina.authenticator.AuthenticatorBase.invoke(AuthenticatorBase.java:483) ~[tomcat-embed-core-10.1.36.jar:10.1.36]
	at org.apache.catalina.core.StandardHostValve.invoke(StandardHostValve.java:115) ~[tomcat-embed-core-10.1.36.jar:10.1.36]
	at org.apache.catalina.valves.ErrorReportValve.invoke(ErrorReportValve.java:93) ~[tomcat-embed-core-10.1.36.jar:10.1.36]
	at org.apache.catalina.core.StandardEngineValve.invoke(StandardEngineValve.java:74) ~[tomcat-embed-core-10.1.36.jar:10.1.36]
	at org.apache.catalina.connector.CoyoteAdapter.service(CoyoteAdapter.java:344) ~[tomcat-embed-core-10.1.36.jar:10.1.36]
	at org.apache.coyote.http11.Http11Processor.service(Http11Processor.java:397) ~[tomcat-embed-core-10.1.36.jar:10.1.36]
	at org.apache.coyote.AbstractProcessorLight.process(AbstractProcessorLight.java:63) ~[tomcat-embed-core-10.1.36.jar:10.1.36]
	at org.apache.coyote.AbstractProtocol$ConnectionHandler.process(AbstractProtocol.java:905) ~[tomcat-embed-core-10.1.36.jar:10.1.36]
	at org.apache.tomcat.util.net.NioEndpoint$SocketProcessor.doRun(NioEndpoint.java:1743) ~[tomcat-embed-core-10.1.36.jar:10.1.36]
	at org.apache.tomcat.util.net.SocketProcessorBase.run(SocketProcessorBase.java:52) ~[tomcat-embed-core-10.1.36.jar:10.1.36]
	at org.apache.tomcat.util.threads.ThreadPoolExecutor.runWorker(ThreadPoolExecutor.java:1190) ~[tomcat-embed-core-10.1.36.jar:10.1.36]
	at org.apache.tomcat.util.threads.ThreadPoolExecutor$Worker.run(ThreadPoolExecutor.java:659) ~[tomcat-embed-core-10.1.36.jar:10.1.36]
	at org.apache.tomcat.util.threads.TaskThread$WrappingRunnable.run(TaskThread.java:63) ~[tomcat-embed-core-10.1.36.jar:10.1.36]
	at java.base/java.lang.Thread.run(Thread.java:1570) ~[na:na]

2025-02-25T16:28:11.999+05:30  INFO 15800 --- [EmployeePayrollApp] [http-nio-8080-exec-4] c.b.e.controller.EmployeeController      : POST /add - Adding employee: com.bridgelabz.employeepayrollapp.dto.EmployeePayrollDTO@2a528411
2025-02-25T16:28:12.000+05:30  INFO 15800 --- [EmployeePayrollApp] [http-nio-8080-exec-4] c.b.e.service.EmployeePayrollService     : Added new employee: com.bridgelabz.employeepayrollapp.model.Employee@70b6aba7
2025-02-25T16:31:12.275+05:30  INFO 15800 --- [EmployeePayrollApp] [http-nio-8080-exec-7] c.b.e.controller.EmployeeController      : POST /add - Adding employee: com.bridgelabz.employeepayrollapp.dto.EmployeePayrollDTO@726ca06e
2025-02-25T16:31:12.276+05:30  INFO 15800 --- [EmployeePayrollApp] [http-nio-8080-exec-7] c.b.e.service.EmployeePayrollService     : Added new employee: com.bridgelabz.employeepayrollapp.model.Employee@7cab4053
2025-02-25T16:32:26.474+05:30  INFO 15800 --- [EmployeePayrollApp] [SpringApplicationShutdownHook] o.s.b.w.e.tomcat.GracefulShutdown        : Commencing graceful shutdown. Waiting for active requests to complete
2025-02-25T16:32:26.484+05:30  INFO 15800 --- [EmployeePayrollApp] [tomcat-shutdown] o.s.b.w.e.tomcat.GracefulShutdown        : Graceful shutdown complete
2025-02-25T16:32:26.493+05:30  INFO 15800 --- [EmployeePayrollApp] [SpringApplicationShutdownHook] j.LocalContainerEntityManagerFactoryBean : Closing JPA EntityManagerFactory for persistence unit 'default'
2025-02-25T16:32:26.532+05:30  WARN 15800 --- [EmployeePayrollApp] [SpringApplicationShutdownHook] o.s.b.f.support.DisposableBeanAdapter    : Invocation of destroy method failed on bean with name 'inMemoryDatabaseShutdownExecutor': org.h2.jdbc.JdbcSQLNonTransientConnectionException: Database is already closed (to disable automatic closing at VM shutdown, add ";DB_CLOSE_ON_EXIT=FALSE" to the db URL) [90121-232]
2025-02-25T16:32:26.532+05:30  INFO 15800 --- [EmployeePayrollApp] [SpringApplicationShutdownHook] com.zaxxer.hikari.HikariDataSource       : HikariPool-1 - Shutdown initiated...
2025-02-25T16:32:26.536+05:30  INFO 15800 --- [EmployeePayrollApp] [SpringApplicationShutdownHook] com.zaxxer.hikari.HikariDataSource       : HikariPool-1 - Shutdown completed.
2025-02-25T16:32:36.393+05:30  INFO 3688 --- [EmployeePayrollApp] [restartedMain] c.b.e.EmployeePayrollAppApplication      : Starting EmployeePayrollAppApplication using Java 22.0.1 with PID 3688 (C:\EmployeePayrollSystem\EmployeePayrollApp\target\classes started by niraj in C:\EmployeePayrollSystem\EmployeePayrollApp)
2025-02-25T16:32:36.396+05:30 DEBUG 3688 --- [EmployeePayrollApp] [restartedMain] c.b.e.EmployeePayrollAppApplication      : Running with Spring Boot v3.4.3, Spring v6.2.3
2025-02-25T16:32:36.398+05:30  INFO 3688 --- [EmployeePayrollApp] [restartedMain] c.b.e.EmployeePayrollAppApplication      : No active profile set, falling back to 1 default profile: "default"
2025-02-25T16:32:36.488+05:30  INFO 3688 --- [EmployeePayrollApp] [restartedMain] .e.DevToolsPropertyDefaultsPostProcessor : Devtools property defaults active! Set 'spring.devtools.add-properties' to 'false' to disable
2025-02-25T16:32:36.488+05:30  INFO 3688 --- [EmployeePayrollApp] [restartedMain] .e.DevToolsPropertyDefaultsPostProcessor : For additional web related logging consider setting the 'logging.level.web' property to 'DEBUG'
2025-02-25T16:32:37.514+05:30  INFO 3688 --- [EmployeePayrollApp] [restartedMain] .s.d.r.c.RepositoryConfigurationDelegate : Bootstrapping Spring Data JPA repositories in DEFAULT mode.
2025-02-25T16:32:37.617+05:30  INFO 3688 --- [EmployeePayrollApp] [restartedMain] .s.d.r.c.RepositoryConfigurationDelegate : Finished Spring Data repository scanning in 87 ms. Found 1 JPA repository interface.
2025-02-25T16:32:38.478+05:30  INFO 3688 --- [EmployeePayrollApp] [restartedMain] o.s.b.w.embedded.tomcat.TomcatWebServer  : Tomcat initialized with port 8080 (http)
2025-02-25T16:32:38.502+05:30  INFO 3688 --- [EmployeePayrollApp] [restartedMain] o.apache.catalina.core.StandardService   : Starting service [Tomcat]
2025-02-25T16:32:38.502+05:30  INFO 3688 --- [EmployeePayrollApp] [restartedMain] o.apache.catalina.core.StandardEngine    : Starting Servlet engine: [Apache Tomcat/10.1.36]
2025-02-25T16:32:38.555+05:30  INFO 3688 --- [EmployeePayrollApp] [restartedMain] o.a.c.c.C.[Tomcat].[localhost].[/]       : Initializing Spring embedded WebApplicationContext
2025-02-25T16:32:38.557+05:30  INFO 3688 --- [EmployeePayrollApp] [restartedMain] w.s.c.ServletWebServerApplicationContext : Root WebApplicationContext: initialization completed in 2069 ms
2025-02-25T16:32:38.725+05:30  INFO 3688 --- [EmployeePayrollApp] [restartedMain] com.zaxxer.hikari.HikariDataSource       : HikariPool-1 - Starting...
2025-02-25T16:32:39.021+05:30  INFO 3688 --- [EmployeePayrollApp] [restartedMain] com.zaxxer.hikari.pool.HikariPool        : HikariPool-1 - Added connection conn0: url=jdbc:h2:mem:061bdc53-e6fb-4146-b495-d26d5507e412 user=SA
2025-02-25T16:32:39.024+05:30  INFO 3688 --- [EmployeePayrollApp] [restartedMain] com.zaxxer.hikari.HikariDataSource       : HikariPool-1 - Start completed.
2025-02-25T16:32:39.113+05:30  INFO 3688 --- [EmployeePayrollApp] [restartedMain] o.hibernate.jpa.internal.util.LogHelper  : HHH000204: Processing PersistenceUnitInfo [name: default]
2025-02-25T16:32:39.214+05:30  INFO 3688 --- [EmployeePayrollApp] [restartedMain] org.hibernate.Version                    : HHH000412: Hibernate ORM core version 6.6.8.Final
2025-02-25T16:32:39.275+05:30  INFO 3688 --- [EmployeePayrollApp] [restartedMain] o.h.c.internal.RegionFactoryInitiator    : HHH000026: Second-level cache disabled
2025-02-25T16:32:39.742+05:30  INFO 3688 --- [EmployeePayrollApp] [restartedMain] o.s.o.j.p.SpringPersistenceUnitInfo      : No LoadTimeWeaver setup: ignoring JPA class transformer
2025-02-25T16:32:39.861+05:30  INFO 3688 --- [EmployeePayrollApp] [restartedMain] org.hibernate.orm.connections.pooling    : HHH10001005: Database info:
	Database JDBC URL [Connecting through datasource 'HikariDataSource (HikariPool-1)']
	Database driver: undefined/unknown
	Database version: 2.3.232
	Autocommit mode: undefined/unknown
	Isolation level: undefined/unknown
	Minimum pool size: undefined/unknown
	Maximum pool size: undefined/unknown
2025-02-25T16:32:40.567+05:30  INFO 3688 --- [EmployeePayrollApp] [restartedMain] o.h.m.i.EntityInstantiatorPojoStandard   : HHH000182: No default (no-argument) constructor for class: com.bridgelabz.employeepayrollapp.model.Employee (class must be instantiated by Interceptor)
2025-02-25T16:32:40.739+05:30  INFO 3688 --- [EmployeePayrollApp] [restartedMain] o.h.e.t.j.p.i.JtaPlatformInitiator       : HHH000489: No JTA platform available (set 'hibernate.transaction.jta.platform' to enable JTA platform integration)
2025-02-25T16:32:40.779+05:30  INFO 3688 --- [EmployeePayrollApp] [restartedMain] j.LocalContainerEntityManagerFactoryBean : Initialized JPA EntityManagerFactory for persistence unit 'default'
2025-02-25T16:32:40.867+05:30  WARN 3688 --- [EmployeePayrollApp] [restartedMain] JpaBaseConfiguration$JpaWebConfiguration : spring.jpa.open-in-view is enabled by default. Therefore, database queries may be performed during view rendering. Explicitly configure spring.jpa.open-in-view to disable this warning
2025-02-25T16:32:41.508+05:30  INFO 3688 --- [EmployeePayrollApp] [restartedMain] o.s.b.a.h2.H2ConsoleAutoConfiguration    : H2 console available at '/h2-console'. Database available at 'jdbc:h2:mem:061bdc53-e6fb-4146-b495-d26d5507e412'
2025-02-25T16:32:41.580+05:30  INFO 3688 --- [EmployeePayrollApp] [restartedMain] o.s.b.d.a.OptionalLiveReloadServer       : LiveReload server is running on port 35729
2025-02-25T16:32:41.616+05:30  INFO 3688 --- [EmployeePayrollApp] [restartedMain] o.s.b.w.embedded.tomcat.TomcatWebServer  : Tomcat started on port 8080 (http) with context path '/'
2025-02-25T16:32:41.626+05:30  INFO 3688 --- [EmployeePayrollApp] [restartedMain] c.b.e.EmployeePayrollAppApplication      : Started EmployeePayrollAppApplication in 5.982 seconds (process running for 6.664)
2025-02-25T16:32:50.472+05:30  INFO 3688 --- [EmployeePayrollApp] [http-nio-8080-exec-1] o.a.c.c.C.[Tomcat].[localhost].[/]       : Initializing Spring DispatcherServlet 'dispatcherServlet'
2025-02-25T16:32:50.472+05:30  INFO 3688 --- [EmployeePayrollApp] [http-nio-8080-exec-1] o.s.web.servlet.DispatcherServlet        : Initializing Servlet 'dispatcherServlet'
2025-02-25T16:32:50.474+05:30  INFO 3688 --- [EmployeePayrollApp] [http-nio-8080-exec-1] o.s.web.servlet.DispatcherServlet        : Completed initialization in 1 ms
2025-02-25T16:32:50.612+05:30  INFO 3688 --- [EmployeePayrollApp] [http-nio-8080-exec-1] c.b.e.controller.EmployeeController      : POST /add - Adding employee: com.bridgelabz.employeepayrollapp.dto.EmployeePayrollDTO@5ec743fb
2025-02-25T16:32:50.613+05:30  INFO 3688 --- [EmployeePayrollApp] [http-nio-8080-exec-1] c.b.e.service.EmployeePayrollService     : Added new employee: com.bridgelabz.employeepayrollapp.model.Employee@7cc63cbd
2025-02-25T16:34:16.470+05:30  INFO 3688 --- [EmployeePayrollApp] [SpringApplicationShutdownHook] o.s.b.w.e.tomcat.GracefulShutdown        : Commencing graceful shutdown. Waiting for active requests to complete
2025-02-25T16:34:16.474+05:30  INFO 3688 --- [EmployeePayrollApp] [tomcat-shutdown] o.s.b.w.e.tomcat.GracefulShutdown        : Graceful shutdown complete
2025-02-25T16:34:16.478+05:30  INFO 3688 --- [EmployeePayrollApp] [SpringApplicationShutdownHook] j.LocalContainerEntityManagerFactoryBean : Closing JPA EntityManagerFactory for persistence unit 'default'
2025-02-25T16:34:16.488+05:30  WARN 3688 --- [EmployeePayrollApp] [SpringApplicationShutdownHook] o.s.b.f.support.DisposableBeanAdapter    : Invocation of destroy method failed on bean with name 'inMemoryDatabaseShutdownExecutor': org.h2.jdbc.JdbcSQLNonTransientConnectionException: Database is already closed (to disable automatic closing at VM shutdown, add ";DB_CLOSE_ON_EXIT=FALSE" to the db URL) [90121-232]
2025-02-25T16:34:16.489+05:30  INFO 3688 --- [EmployeePayrollApp] [SpringApplicationShutdownHook] com.zaxxer.hikari.HikariDataSource       : HikariPool-1 - Shutdown initiated...
2025-02-25T16:34:16.491+05:30  INFO 3688 --- [EmployeePayrollApp] [SpringApplicationShutdownHook] com.zaxxer.hikari.HikariDataSource       : HikariPool-1 - Shutdown completed.
2025-02-25T16:34:25.884+05:30  INFO 3752 --- [EmployeePayrollApp] [restartedMain] c.b.e.EmployeePayrollAppApplication      : Starting EmployeePayrollAppApplication using Java 22.0.1 with PID 3752 (C:\EmployeePayrollSystem\EmployeePayrollApp\target\classes started by niraj in C:\EmployeePayrollSystem\EmployeePayrollApp)
2025-02-25T16:34:25.886+05:30 DEBUG 3752 --- [EmployeePayrollApp] [restartedMain] c.b.e.EmployeePayrollAppApplication      : Running with Spring Boot v3.4.3, Spring v6.2.3
2025-02-25T16:34:25.888+05:30  INFO 3752 --- [EmployeePayrollApp] [restartedMain] c.b.e.EmployeePayrollAppApplication      : No active profile set, falling back to 1 default profile: "default"
2025-02-25T16:34:25.954+05:30  INFO 3752 --- [EmployeePayrollApp] [restartedMain] .e.DevToolsPropertyDefaultsPostProcessor : Devtools property defaults active! Set 'spring.devtools.add-properties' to 'false' to disable
2025-02-25T16:34:25.954+05:30  INFO 3752 --- [EmployeePayrollApp] [restartedMain] .e.DevToolsPropertyDefaultsPostProcessor : For additional web related logging consider setting the 'logging.level.web' property to 'DEBUG'
2025-02-25T16:34:26.880+05:30  INFO 3752 --- [EmployeePayrollApp] [restartedMain] .s.d.r.c.RepositoryConfigurationDelegate : Bootstrapping Spring Data JPA repositories in DEFAULT mode.
2025-02-25T16:34:26.971+05:30  INFO 3752 --- [EmployeePayrollApp] [restartedMain] .s.d.r.c.RepositoryConfigurationDelegate : Finished Spring Data repository scanning in 74 ms. Found 1 JPA repository interface.
2025-02-25T16:34:27.745+05:30  INFO 3752 --- [EmployeePayrollApp] [restartedMain] o.s.b.w.embedded.tomcat.TomcatWebServer  : Tomcat initialized with port 8080 (http)
2025-02-25T16:34:27.764+05:30  INFO 3752 --- [EmployeePayrollApp] [restartedMain] o.apache.catalina.core.StandardService   : Starting service [Tomcat]
2025-02-25T16:34:27.765+05:30  INFO 3752 --- [EmployeePayrollApp] [restartedMain] o.apache.catalina.core.StandardEngine    : Starting Servlet engine: [Apache Tomcat/10.1.36]
2025-02-25T16:34:27.815+05:30  INFO 3752 --- [EmployeePayrollApp] [restartedMain] o.a.c.c.C.[Tomcat].[localhost].[/]       : Initializing Spring embedded WebApplicationContext
2025-02-25T16:34:27.816+05:30  INFO 3752 --- [EmployeePayrollApp] [restartedMain] w.s.c.ServletWebServerApplicationContext : Root WebApplicationContext: initialization completed in 1861 ms
2025-02-25T16:34:27.981+05:30  INFO 3752 --- [EmployeePayrollApp] [restartedMain] com.zaxxer.hikari.HikariDataSource       : HikariPool-1 - Starting...
2025-02-25T16:34:28.275+05:30  INFO 3752 --- [EmployeePayrollApp] [restartedMain] com.zaxxer.hikari.pool.HikariPool        : HikariPool-1 - Added connection conn0: url=jdbc:h2:mem:0a1b56c0-e969-4867-a331-334e680c1ae0 user=SA
2025-02-25T16:34:28.278+05:30  INFO 3752 --- [EmployeePayrollApp] [restartedMain] com.zaxxer.hikari.HikariDataSource       : HikariPool-1 - Start completed.
2025-02-25T16:34:28.368+05:30  INFO 3752 --- [EmployeePayrollApp] [restartedMain] o.hibernate.jpa.internal.util.LogHelper  : HHH000204: Processing PersistenceUnitInfo [name: default]
2025-02-25T16:34:28.463+05:30  INFO 3752 --- [EmployeePayrollApp] [restartedMain] org.hibernate.Version                    : HHH000412: Hibernate ORM core version 6.6.8.Final
2025-02-25T16:34:28.517+05:30  INFO 3752 --- [EmployeePayrollApp] [restartedMain] o.h.c.internal.RegionFactoryInitiator    : HHH000026: Second-level cache disabled
2025-02-25T16:34:28.914+05:30  INFO 3752 --- [EmployeePayrollApp] [restartedMain] o.s.o.j.p.SpringPersistenceUnitInfo      : No LoadTimeWeaver setup: ignoring JPA class transformer
2025-02-25T16:34:29.013+05:30  INFO 3752 --- [EmployeePayrollApp] [restartedMain] org.hibernate.orm.connections.pooling    : HHH10001005: Database info:
	Database JDBC URL [Connecting through datasource 'HikariDataSource (HikariPool-1)']
	Database driver: undefined/unknown
	Database version: 2.3.232
	Autocommit mode: undefined/unknown
	Isolation level: undefined/unknown
	Minimum pool size: undefined/unknown
	Maximum pool size: undefined/unknown
2025-02-25T16:34:29.379+05:30  INFO 3752 --- [EmployeePayrollApp] [restartedMain] o.h.e.t.j.p.i.JtaPlatformInitiator       : HHH000489: No JTA platform available (set 'hibernate.transaction.jta.platform' to enable JTA platform integration)
2025-02-25T16:34:29.384+05:30  INFO 3752 --- [EmployeePayrollApp] [restartedMain] j.LocalContainerEntityManagerFactoryBean : Initialized JPA EntityManagerFactory for persistence unit 'default'
2025-02-25T16:34:29.469+05:30  WARN 3752 --- [EmployeePayrollApp] [restartedMain] JpaBaseConfiguration$JpaWebConfiguration : spring.jpa.open-in-view is enabled by default. Therefore, database queries may be performed during view rendering. Explicitly configure spring.jpa.open-in-view to disable this warning
2025-02-25T16:34:29.982+05:30  WARN 3752 --- [EmployeePayrollApp] [restartedMain] ConfigServletWebServerApplicationContext : Exception encountered during context initialization - cancelling refresh attempt: org.springframework.beans.factory.BeanCreationException: Error creating bean with name 'employeeRepository' defined in com.bridgelabz.employeepayrollapp.repository.EmployeeRepository defined in @EnableJpaRepositories declared on JpaRepositoriesRegistrar.EnableJpaRepositoriesConfiguration: Not a managed type: class com.bridgelabz.employeepayrollapp.model.Employee
2025-02-25T16:34:29.986+05:30  INFO 3752 --- [EmployeePayrollApp] [restartedMain] j.LocalContainerEntityManagerFactoryBean : Closing JPA EntityManagerFactory for persistence unit 'default'
2025-02-25T16:34:29.998+05:30  WARN 3752 --- [EmployeePayrollApp] [restartedMain] o.s.b.f.support.DisposableBeanAdapter    : Invocation of destroy method failed on bean with name 'inMemoryDatabaseShutdownExecutor': org.h2.jdbc.JdbcSQLNonTransientConnectionException: Database is already closed (to disable automatic closing at VM shutdown, add ";DB_CLOSE_ON_EXIT=FALSE" to the db URL) [90121-232]
2025-02-25T16:34:29.998+05:30  INFO 3752 --- [EmployeePayrollApp] [restartedMain] com.zaxxer.hikari.HikariDataSource       : HikariPool-1 - Shutdown initiated...
2025-02-25T16:34:30.001+05:30  INFO 3752 --- [EmployeePayrollApp] [restartedMain] com.zaxxer.hikari.HikariDataSource       : HikariPool-1 - Shutdown completed.
2025-02-25T16:34:30.003+05:30  INFO 3752 --- [EmployeePayrollApp] [restartedMain] o.apache.catalina.core.StandardService   : Stopping service [Tomcat]
2025-02-25T16:34:30.018+05:30  INFO 3752 --- [EmployeePayrollApp] [restartedMain] .s.b.a.l.ConditionEvaluationReportLogger : 

Error starting ApplicationContext. To display the condition evaluation report re-run your application with 'debug' enabled.
2025-02-25T16:34:30.051+05:30 ERROR 3752 --- [EmployeePayrollApp] [restartedMain] o.s.boot.SpringApplication               : Application run failed

org.springframework.beans.factory.BeanCreationException: Error creating bean with name 'employeeRepository' defined in com.bridgelabz.employeepayrollapp.repository.EmployeeRepository defined in @EnableJpaRepositories declared on JpaRepositoriesRegistrar.EnableJpaRepositoriesConfiguration: Not a managed type: class com.bridgelabz.employeepayrollapp.model.Employee
	at org.springframework.beans.factory.support.AbstractAutowireCapableBeanFactory.initializeBean(AbstractAutowireCapableBeanFactory.java:1812) ~[spring-beans-6.2.3.jar:6.2.3]
	at org.springframework.beans.factory.support.AbstractAutowireCapableBeanFactory.doCreateBean(AbstractAutowireCapableBeanFactory.java:601) ~[spring-beans-6.2.3.jar:6.2.3]
	at org.springframework.beans.factory.support.AbstractAutowireCapableBeanFactory.createBean(AbstractAutowireCapableBeanFactory.java:523) ~[spring-beans-6.2.3.jar:6.2.3]
	at org.springframework.beans.factory.support.AbstractBeanFactory.lambda$doGetBean$0(AbstractBeanFactory.java:339) ~[spring-beans-6.2.3.jar:6.2.3]
	at org.springframework.beans.factory.support.DefaultSingletonBeanRegistry.getSingleton(DefaultSingletonBeanRegistry.java:346) ~[spring-beans-6.2.3.jar:6.2.3]
	at org.springframework.beans.factory.support.AbstractBeanFactory.doGetBean(AbstractBeanFactory.java:337) ~[spring-beans-6.2.3.jar:6.2.3]
	at org.springframework.beans.factory.support.AbstractBeanFactory.getBean(AbstractBeanFactory.java:202) ~[spring-beans-6.2.3.jar:6.2.3]
	at org.springframework.beans.factory.support.DefaultListableBeanFactory.instantiateSingleton(DefaultListableBeanFactory.java:1149) ~[spring-beans-6.2.3.jar:6.2.3]
	at org.springframework.beans.factory.support.DefaultListableBeanFactory.preInstantiateSingleton(DefaultListableBeanFactory.java:1121) ~[spring-beans-6.2.3.jar:6.2.3]
	at org.springframework.beans.factory.support.DefaultListableBeanFactory.preInstantiateSingletons(DefaultListableBeanFactory.java:1056) ~[spring-beans-6.2.3.jar:6.2.3]
	at org.springframework.context.support.AbstractApplicationContext.finishBeanFactoryInitialization(AbstractApplicationContext.java:987) ~[spring-context-6.2.3.jar:6.2.3]
	at org.springframework.context.support.AbstractApplicationContext.refresh(AbstractApplicationContext.java:627) ~[spring-context-6.2.3.jar:6.2.3]
	at org.springframework.boot.web.servlet.context.ServletWebServerApplicationContext.refresh(ServletWebServerApplicationContext.java:146) ~[spring-boot-3.4.3.jar:3.4.3]
	at org.springframework.boot.SpringApplication.refresh(SpringApplication.java:752) ~[spring-boot-3.4.3.jar:3.4.3]
	at org.springframework.boot.SpringApplication.refreshContext(SpringApplication.java:439) ~[spring-boot-3.4.3.jar:3.4.3]
	at org.springframework.boot.SpringApplication.run(SpringApplication.java:318) ~[spring-boot-3.4.3.jar:3.4.3]
	at org.springframework.boot.SpringApplication.run(SpringApplication.java:1361) ~[spring-boot-3.4.3.jar:3.4.3]
	at org.springframework.boot.SpringApplication.run(SpringApplication.java:1350) ~[spring-boot-3.4.3.jar:3.4.3]
	at com.bridgelabz.employeepayrollapp.EmployeePayrollAppApplication.main(EmployeePayrollAppApplication.java:10) ~[classes/:na]
	at java.base/jdk.internal.reflect.DirectMethodHandleAccessor.invoke(DirectMethodHandleAccessor.java:103) ~[na:na]
	at java.base/java.lang.reflect.Method.invoke(Method.java:580) ~[na:na]
	at org.springframework.boot.devtools.restart.RestartLauncher.run(RestartLauncher.java:50) ~[spring-boot-devtools-3.4.3.jar:3.4.3]
Caused by: java.lang.IllegalArgumentException: Not a managed type: class com.bridgelabz.employeepayrollapp.model.Employee
	at org.hibernate.metamodel.model.domain.internal.JpaMetamodelImpl.managedType(JpaMetamodelImpl.java:223) ~[hibernate-core-6.6.8.Final.jar:6.6.8.Final]
	at org.hibernate.metamodel.model.domain.internal.MappingMetamodelImpl.managedType(MappingMetamodelImpl.java:470) ~[hibernate-core-6.6.8.Final.jar:6.6.8.Final]
	at org.hibernate.metamodel.model.domain.internal.MappingMetamodelImpl.managedType(MappingMetamodelImpl.java:100) ~[hibernate-core-6.6.8.Final.jar:6.6.8.Final]
	at org.springframework.data.jpa.repository.support.JpaMetamodelEntityInformation.<init>(JpaMetamodelEntityInformation.java:82) ~[spring-data-jpa-3.4.3.jar:3.4.3]
	at org.springframework.data.jpa.repository.support.JpaEntityInformationSupport.getEntityInformation(JpaEntityInformationSupport.java:69) ~[spring-data-jpa-3.4.3.jar:3.4.3]
	at org.springframework.data.jpa.repository.support.JpaRepositoryFactory.getEntityInformation(JpaRepositoryFactory.java:251) ~[spring-data-jpa-3.4.3.jar:3.4.3]
	at org.springframework.data.jpa.repository.support.JpaRepositoryFactory.getTargetRepository(JpaRepositoryFactory.java:215) ~[spring-data-jpa-3.4.3.jar:3.4.3]
	at org.springframework.data.jpa.repository.support.JpaRepositoryFactory.getTargetRepository(JpaRepositoryFactory.java:198) ~[spring-data-jpa-3.4.3.jar:3.4.3]
	at org.springframework.data.jpa.repository.support.JpaRepositoryFactory.getTargetRepository(JpaRepositoryFactory.java:1) ~[spring-data-jpa-3.4.3.jar:3.4.3]
	at org.springframework.data.repository.core.support.RepositoryFactorySupport.getRepository(RepositoryFactorySupport.java:386) ~[spring-data-commons-3.4.3.jar:3.4.3]
	at org.springframework.data.repository.core.support.RepositoryFactoryBeanSupport.lambda$afterPropertiesSet$4(RepositoryFactoryBeanSupport.java:350) ~[spring-data-commons-3.4.3.jar:3.4.3]
	at org.springframework.data.util.Lazy.getNullable(Lazy.java:135) ~[spring-data-commons-3.4.3.jar:3.4.3]
	at org.springframework.data.util.Lazy.get(Lazy.java:113) ~[spring-data-commons-3.4.3.jar:3.4.3]
	at org.springframework.data.repository.core.support.RepositoryFactoryBeanSupport.afterPropertiesSet(RepositoryFactoryBeanSupport.java:356) ~[spring-data-commons-3.4.3.jar:3.4.3]
	at org.springframework.data.jpa.repository.support.JpaRepositoryFactoryBean.afterPropertiesSet(JpaRepositoryFactoryBean.java:132) ~[spring-data-jpa-3.4.3.jar:3.4.3]
	at org.springframework.beans.factory.support.AbstractAutowireCapableBeanFactory.invokeInitMethods(AbstractAutowireCapableBeanFactory.java:1859) ~[spring-beans-6.2.3.jar:6.2.3]
	at org.springframework.beans.factory.support.AbstractAutowireCapableBeanFactory.initializeBean(AbstractAutowireCapableBeanFactory.java:1808) ~[spring-beans-6.2.3.jar:6.2.3]
	... 21 common frames omitted

2025-02-25T16:35:24.764+05:30  INFO 15980 --- [EmployeePayrollApp] [restartedMain] c.b.e.EmployeePayrollAppApplication      : Starting EmployeePayrollAppApplication using Java 22.0.1 with PID 15980 (C:\EmployeePayrollSystem\EmployeePayrollApp\target\classes started by niraj in C:\EmployeePayrollSystem\EmployeePayrollApp)
2025-02-25T16:35:24.768+05:30 DEBUG 15980 --- [EmployeePayrollApp] [restartedMain] c.b.e.EmployeePayrollAppApplication      : Running with Spring Boot v3.4.3, Spring v6.2.3
2025-02-25T16:35:24.769+05:30  INFO 15980 --- [EmployeePayrollApp] [restartedMain] c.b.e.EmployeePayrollAppApplication      : No active profile set, falling back to 1 default profile: "default"
2025-02-25T16:35:24.847+05:30  INFO 15980 --- [EmployeePayrollApp] [restartedMain] .e.DevToolsPropertyDefaultsPostProcessor : Devtools property defaults active! Set 'spring.devtools.add-properties' to 'false' to disable
2025-02-25T16:35:24.847+05:30  INFO 15980 --- [EmployeePayrollApp] [restartedMain] .e.DevToolsPropertyDefaultsPostProcessor : For additional web related logging consider setting the 'logging.level.web' property to 'DEBUG'
2025-02-25T16:35:25.847+05:30  INFO 15980 --- [EmployeePayrollApp] [restartedMain] .s.d.r.c.RepositoryConfigurationDelegate : Bootstrapping Spring Data JPA repositories in DEFAULT mode.
2025-02-25T16:35:25.935+05:30  INFO 15980 --- [EmployeePayrollApp] [restartedMain] .s.d.r.c.RepositoryConfigurationDelegate : Finished Spring Data repository scanning in 74 ms. Found 1 JPA repository interface.
2025-02-25T16:35:26.756+05:30  INFO 15980 --- [EmployeePayrollApp] [restartedMain] o.s.b.w.embedded.tomcat.TomcatWebServer  : Tomcat initialized with port 8080 (http)
2025-02-25T16:35:26.780+05:30  INFO 15980 --- [EmployeePayrollApp] [restartedMain] o.apache.catalina.core.StandardService   : Starting service [Tomcat]
2025-02-25T16:35:26.780+05:30  INFO 15980 --- [EmployeePayrollApp] [restartedMain] o.apache.catalina.core.StandardEngine    : Starting Servlet engine: [Apache Tomcat/10.1.36]
2025-02-25T16:35:26.842+05:30  INFO 15980 --- [EmployeePayrollApp] [restartedMain] o.a.c.c.C.[Tomcat].[localhost].[/]       : Initializing Spring embedded WebApplicationContext
2025-02-25T16:35:26.842+05:30  INFO 15980 --- [EmployeePayrollApp] [restartedMain] w.s.c.ServletWebServerApplicationContext : Root WebApplicationContext: initialization completed in 1995 ms
2025-02-25T16:35:27.003+05:30  INFO 15980 --- [EmployeePayrollApp] [restartedMain] com.zaxxer.hikari.HikariDataSource       : HikariPool-1 - Starting...
2025-02-25T16:35:27.284+05:30  INFO 15980 --- [EmployeePayrollApp] [restartedMain] com.zaxxer.hikari.pool.HikariPool        : HikariPool-1 - Added connection conn0: url=jdbc:h2:mem:77c69ff1-715f-4698-8ba3-457f7e57a633 user=SA
2025-02-25T16:35:27.287+05:30  INFO 15980 --- [EmployeePayrollApp] [restartedMain] com.zaxxer.hikari.HikariDataSource       : HikariPool-1 - Start completed.
2025-02-25T16:35:27.375+05:30  INFO 15980 --- [EmployeePayrollApp] [restartedMain] o.hibernate.jpa.internal.util.LogHelper  : HHH000204: Processing PersistenceUnitInfo [name: default]
2025-02-25T16:35:27.470+05:30  INFO 15980 --- [EmployeePayrollApp] [restartedMain] org.hibernate.Version                    : HHH000412: Hibernate ORM core version 6.6.8.Final
2025-02-25T16:35:27.532+05:30  INFO 15980 --- [EmployeePayrollApp] [restartedMain] o.h.c.internal.RegionFactoryInitiator    : HHH000026: Second-level cache disabled
2025-02-25T16:35:27.911+05:30  INFO 15980 --- [EmployeePayrollApp] [restartedMain] o.s.o.j.p.SpringPersistenceUnitInfo      : No LoadTimeWeaver setup: ignoring JPA class transformer
2025-02-25T16:35:28.012+05:30  INFO 15980 --- [EmployeePayrollApp] [restartedMain] org.hibernate.orm.connections.pooling    : HHH10001005: Database info:
	Database JDBC URL [Connecting through datasource 'HikariDataSource (HikariPool-1)']
	Database driver: undefined/unknown
	Database version: 2.3.232
	Autocommit mode: undefined/unknown
	Isolation level: undefined/unknown
	Minimum pool size: undefined/unknown
	Maximum pool size: undefined/unknown
2025-02-25T16:35:28.709+05:30  INFO 15980 --- [EmployeePayrollApp] [restartedMain] o.h.m.i.EntityInstantiatorPojoStandard   : HHH000182: No default (no-argument) constructor for class: com.bridgelabz.employeepayrollapp.model.Employee (class must be instantiated by Interceptor)
2025-02-25T16:35:28.870+05:30  INFO 15980 --- [EmployeePayrollApp] [restartedMain] o.h.e.t.j.p.i.JtaPlatformInitiator       : HHH000489: No JTA platform available (set 'hibernate.transaction.jta.platform' to enable JTA platform integration)
2025-02-25T16:35:28.914+05:30  INFO 15980 --- [EmployeePayrollApp] [restartedMain] j.LocalContainerEntityManagerFactoryBean : Initialized JPA EntityManagerFactory for persistence unit 'default'
2025-02-25T16:35:29.007+05:30  WARN 15980 --- [EmployeePayrollApp] [restartedMain] JpaBaseConfiguration$JpaWebConfiguration : spring.jpa.open-in-view is enabled by default. Therefore, database queries may be performed during view rendering. Explicitly configure spring.jpa.open-in-view to disable this warning
2025-02-25T16:35:29.606+05:30  INFO 15980 --- [EmployeePayrollApp] [restartedMain] o.s.b.a.h2.H2ConsoleAutoConfiguration    : H2 console available at '/h2-console'. Database available at 'jdbc:h2:mem:77c69ff1-715f-4698-8ba3-457f7e57a633'
2025-02-25T16:35:29.681+05:30  INFO 15980 --- [EmployeePayrollApp] [restartedMain] o.s.b.d.a.OptionalLiveReloadServer       : LiveReload server is running on port 35729
2025-02-25T16:35:29.720+05:30  INFO 15980 --- [EmployeePayrollApp] [restartedMain] o.s.b.w.embedded.tomcat.TomcatWebServer  : Tomcat started on port 8080 (http) with context path '/'
2025-02-25T16:35:29.731+05:30  INFO 15980 --- [EmployeePayrollApp] [restartedMain] c.b.e.EmployeePayrollAppApplication      : Started EmployeePayrollAppApplication in 5.721 seconds (process running for 6.474)
2025-02-25T16:35:54.641+05:30  INFO 15980 --- [EmployeePayrollApp] [http-nio-8080-exec-1] o.a.c.c.C.[Tomcat].[localhost].[/]       : Initializing Spring DispatcherServlet 'dispatcherServlet'
2025-02-25T16:35:54.641+05:30  INFO 15980 --- [EmployeePayrollApp] [http-nio-8080-exec-1] o.s.web.servlet.DispatcherServlet        : Initializing Servlet 'dispatcherServlet'
2025-02-25T16:35:54.643+05:30  INFO 15980 --- [EmployeePayrollApp] [http-nio-8080-exec-1] o.s.web.servlet.DispatcherServlet        : Completed initialization in 1 ms
2025-02-25T16:35:54.809+05:30  INFO 15980 --- [EmployeePayrollApp] [http-nio-8080-exec-1] c.b.e.controller.EmployeeController      : POST /add - Adding employee: EmployeePayrollDTO(name=Gautam Kumar, salary=70000.0)
2025-02-25T16:35:54.812+05:30  INFO 15980 --- [EmployeePayrollApp] [http-nio-8080-exec-1] c.b.e.service.EmployeePayrollService     : Added new employee: Employee(id=1, name=Gautam Kumar, salary=70000.0)
2025-02-25T16:36:06.613+05:30  INFO 15980 --- [EmployeePayrollApp] [http-nio-8080-exec-4] c.b.e.controller.EmployeeController      : GET /all - Retrieving all employees
2025-02-25T16:36:06.614+05:30  INFO 15980 --- [EmployeePayrollApp] [http-nio-8080-exec-4] c.b.e.service.EmployeePayrollService     : Fetching all employees
2025-02-25T16:36:31.834+05:30  INFO 15980 --- [EmployeePayrollApp] [http-nio-8080-exec-8] c.b.e.controller.EmployeeController      : POST /add - Adding employee: EmployeePayrollDTO(name= Kumar, salary=0.0)
2025-02-25T16:36:31.834+05:30  INFO 15980 --- [EmployeePayrollApp] [http-nio-8080-exec-8] c.b.e.service.EmployeePayrollService     : Added new employee: Employee(id=2, name= Kumar, salary=0.0)
2025-02-25T16:36:56.311+05:30  INFO 15980 --- [EmployeePayrollApp] [http-nio-8080-exec-5] c.b.e.controller.EmployeeController      : PUT /update/2 - Updating employee
2025-02-25T16:36:56.312+05:30  INFO 15980 --- [EmployeePayrollApp] [http-nio-8080-exec-5] c.b.e.service.EmployeePayrollService     : Fetching employee with ID: 2
2025-02-25T16:36:56.312+05:30  INFO 15980 --- [EmployeePayrollApp] [http-nio-8080-exec-5] c.b.e.service.EmployeePayrollService     : Updated employee: Employee(id=2, name= Kumar, salary=4567.0)
2025-02-25T16:37:16.268+05:30  WARN 15980 --- [EmployeePayrollApp] [http-nio-8080-exec-6] c.b.e.controller.EmployeeController      : DELETE /delete/2 - Deleting employee
2025-02-25T16:37:16.268+05:30  WARN 15980 --- [EmployeePayrollApp] [http-nio-8080-exec-6] c.b.e.service.EmployeePayrollService     : Deleted employee with ID: 2
2025-02-25T16:39:17.054+05:30  INFO 15980 --- [EmployeePayrollApp] [SpringApplicationShutdownHook] o.s.b.w.e.tomcat.GracefulShutdown        : Commencing graceful shutdown. Waiting for active requests to complete
2025-02-25T16:39:17.059+05:30  INFO 15980 --- [EmployeePayrollApp] [tomcat-shutdown] o.s.b.w.e.tomcat.GracefulShutdown        : Graceful shutdown complete
2025-02-25T16:39:17.062+05:30  INFO 15980 --- [EmployeePayrollApp] [SpringApplicationShutdownHook] j.LocalContainerEntityManagerFactoryBean : Closing JPA EntityManagerFactory for persistence unit 'default'
2025-02-25T16:39:17.071+05:30  WARN 15980 --- [EmployeePayrollApp] [SpringApplicationShutdownHook] o.s.b.f.support.DisposableBeanAdapter    : Invocation of destroy method failed on bean with name 'inMemoryDatabaseShutdownExecutor': org.h2.jdbc.JdbcSQLNonTransientConnectionException: Database is already closed (to disable automatic closing at VM shutdown, add ";DB_CLOSE_ON_EXIT=FALSE" to the db URL) [90121-232]
2025-02-25T16:39:17.072+05:30  INFO 15980 --- [EmployeePayrollApp] [SpringApplicationShutdownHook] com.zaxxer.hikari.HikariDataSource       : HikariPool-1 - Shutdown initiated...
2025-02-25T16:39:17.074+05:30  INFO 15980 --- [EmployeePayrollApp] [SpringApplicationShutdownHook] com.zaxxer.hikari.HikariDataSource       : HikariPool-1 - Shutdown completed.
2025-02-25T16:40:57.134+05:30  INFO 16756 --- [EmployeePayrollApp] [restartedMain] c.b.e.EmployeePayrollAppApplication      : Starting EmployeePayrollAppApplication using Java 22.0.1 with PID 16756 (C:\EmployeePayrollSystem\EmployeePayrollApp\target\classes started by niraj in C:\EmployeePayrollSystem\EmployeePayrollApp)
2025-02-25T16:40:57.138+05:30 DEBUG 16756 --- [EmployeePayrollApp] [restartedMain] c.b.e.EmployeePayrollAppApplication      : Running with Spring Boot v3.4.3, Spring v6.2.3
2025-02-25T16:40:57.140+05:30  INFO 16756 --- [EmployeePayrollApp] [restartedMain] c.b.e.EmployeePayrollAppApplication      : No active profile set, falling back to 1 default profile: "default"
2025-02-25T16:40:57.221+05:30  INFO 16756 --- [EmployeePayrollApp] [restartedMain] .e.DevToolsPropertyDefaultsPostProcessor : Devtools property defaults active! Set 'spring.devtools.add-properties' to 'false' to disable
2025-02-25T16:40:57.222+05:30  INFO 16756 --- [EmployeePayrollApp] [restartedMain] .e.DevToolsPropertyDefaultsPostProcessor : For additional web related logging consider setting the 'logging.level.web' property to 'DEBUG'
2025-02-25T16:40:58.276+05:30  INFO 16756 --- [EmployeePayrollApp] [restartedMain] .s.d.r.c.RepositoryConfigurationDelegate : Bootstrapping Spring Data JPA repositories in DEFAULT mode.
2025-02-25T16:40:58.379+05:30  INFO 16756 --- [EmployeePayrollApp] [restartedMain] .s.d.r.c.RepositoryConfigurationDelegate : Finished Spring Data repository scanning in 80 ms. Found 1 JPA repository interface.
2025-02-25T16:40:59.264+05:30  INFO 16756 --- [EmployeePayrollApp] [restartedMain] o.s.b.w.embedded.tomcat.TomcatWebServer  : Tomcat initialized with port 8080 (http)
2025-02-25T16:40:59.286+05:30  INFO 16756 --- [EmployeePayrollApp] [restartedMain] o.apache.catalina.core.StandardService   : Starting service [Tomcat]
2025-02-25T16:40:59.287+05:30  INFO 16756 --- [EmployeePayrollApp] [restartedMain] o.apache.catalina.core.StandardEngine    : Starting Servlet engine: [Apache Tomcat/10.1.36]
2025-02-25T16:40:59.334+05:30  INFO 16756 --- [EmployeePayrollApp] [restartedMain] o.a.c.c.C.[Tomcat].[localhost].[/]       : Initializing Spring embedded WebApplicationContext
2025-02-25T16:40:59.334+05:30  INFO 16756 --- [EmployeePayrollApp] [restartedMain] w.s.c.ServletWebServerApplicationContext : Root WebApplicationContext: initialization completed in 2111 ms
2025-02-25T16:40:59.491+05:30  INFO 16756 --- [EmployeePayrollApp] [restartedMain] com.zaxxer.hikari.HikariDataSource       : HikariPool-1 - Starting...
2025-02-25T16:40:59.780+05:30  INFO 16756 --- [EmployeePayrollApp] [restartedMain] com.zaxxer.hikari.pool.HikariPool        : HikariPool-1 - Added connection conn0: url=jdbc:h2:mem:d109626f-fa59-4c08-95af-3e151ec32ca7 user=SA
2025-02-25T16:40:59.783+05:30  INFO 16756 --- [EmployeePayrollApp] [restartedMain] com.zaxxer.hikari.HikariDataSource       : HikariPool-1 - Start completed.
2025-02-25T16:40:59.891+05:30  INFO 16756 --- [EmployeePayrollApp] [restartedMain] o.hibernate.jpa.internal.util.LogHelper  : HHH000204: Processing PersistenceUnitInfo [name: default]
2025-02-25T16:41:00.076+05:30  INFO 16756 --- [EmployeePayrollApp] [restartedMain] org.hibernate.Version                    : HHH000412: Hibernate ORM core version 6.6.8.Final
2025-02-25T16:41:00.131+05:30  INFO 16756 --- [EmployeePayrollApp] [restartedMain] o.h.c.internal.RegionFactoryInitiator    : HHH000026: Second-level cache disabled
2025-02-25T16:41:00.596+05:30  INFO 16756 --- [EmployeePayrollApp] [restartedMain] o.s.o.j.p.SpringPersistenceUnitInfo      : No LoadTimeWeaver setup: ignoring JPA class transformer
2025-02-25T16:41:00.695+05:30  INFO 16756 --- [EmployeePayrollApp] [restartedMain] org.hibernate.orm.connections.pooling    : HHH10001005: Database info:
	Database JDBC URL [Connecting through datasource 'HikariDataSource (HikariPool-1)']
	Database driver: undefined/unknown
	Database version: 2.3.232
	Autocommit mode: undefined/unknown
	Isolation level: undefined/unknown
	Minimum pool size: undefined/unknown
	Maximum pool size: undefined/unknown
2025-02-25T16:41:01.378+05:30  INFO 16756 --- [EmployeePayrollApp] [restartedMain] o.h.m.i.EntityInstantiatorPojoStandard   : HHH000182: No default (no-argument) constructor for class: com.bridgelabz.employeepayrollapp.model.Employee (class must be instantiated by Interceptor)
2025-02-25T16:41:01.551+05:30  INFO 16756 --- [EmployeePayrollApp] [restartedMain] o.h.e.t.j.p.i.JtaPlatformInitiator       : HHH000489: No JTA platform available (set 'hibernate.transaction.jta.platform' to enable JTA platform integration)
2025-02-25T16:41:01.595+05:30  INFO 16756 --- [EmployeePayrollApp] [restartedMain] j.LocalContainerEntityManagerFactoryBean : Initialized JPA EntityManagerFactory for persistence unit 'default'
2025-02-25T16:41:01.693+05:30  WARN 16756 --- [EmployeePayrollApp] [restartedMain] JpaBaseConfiguration$JpaWebConfiguration : spring.jpa.open-in-view is enabled by default. Therefore, database queries may be performed during view rendering. Explicitly configure spring.jpa.open-in-view to disable this warning
2025-02-25T16:41:02.407+05:30  INFO 16756 --- [EmployeePayrollApp] [restartedMain] o.s.b.a.h2.H2ConsoleAutoConfiguration    : H2 console available at '/h2-console'. Database available at 'jdbc:h2:mem:d109626f-fa59-4c08-95af-3e151ec32ca7'
2025-02-25T16:41:02.485+05:30  INFO 16756 --- [EmployeePayrollApp] [restartedMain] o.s.b.d.a.OptionalLiveReloadServer       : LiveReload server is running on port 35729
2025-02-25T16:41:02.524+05:30  INFO 16756 --- [EmployeePayrollApp] [restartedMain] o.s.b.w.embedded.tomcat.TomcatWebServer  : Tomcat started on port 8080 (http) with context path '/'
2025-02-25T16:41:02.535+05:30  INFO 16756 --- [EmployeePayrollApp] [restartedMain] c.b.e.EmployeePayrollAppApplication      : Started EmployeePayrollAppApplication in 6.298 seconds (process running for 7.235)
2025-02-25T16:41:35.087+05:30  INFO 16756 --- [EmployeePayrollApp] [http-nio-8080-exec-1] o.a.c.c.C.[Tomcat].[localhost].[/]       : Initializing Spring DispatcherServlet 'dispatcherServlet'
2025-02-25T16:41:35.087+05:30  INFO 16756 --- [EmployeePayrollApp] [http-nio-8080-exec-1] o.s.web.servlet.DispatcherServlet        : Initializing Servlet 'dispatcherServlet'
2025-02-25T16:41:35.089+05:30  INFO 16756 --- [EmployeePayrollApp] [http-nio-8080-exec-1] o.s.web.servlet.DispatcherServlet        : Completed initialization in 1 ms
2025-02-25T16:41:35.221+05:30  INFO 16756 --- [EmployeePayrollApp] [http-nio-8080-exec-1] c.b.e.controller.EmployeeController      : POST /add - Adding employee: EmployeePayrollDTO(name=naveen, salary=120.0)
2025-02-25T16:41:35.223+05:30  INFO 16756 --- [EmployeePayrollApp] [http-nio-8080-exec-1] c.b.e.service.EmployeePayrollService     : Added new employee: Employee(id=1, name=naveen, salary=120.0)
2025-02-25T16:41:40.082+05:30  INFO 16756 --- [EmployeePayrollApp] [SpringApplicationShutdownHook] o.s.b.w.e.tomcat.GracefulShutdown        : Commencing graceful shutdown. Waiting for active requests to complete
2025-02-25T16:41:40.087+05:30  INFO 16756 --- [EmployeePayrollApp] [tomcat-shutdown] o.s.b.w.e.tomcat.GracefulShutdown        : Graceful shutdown complete
2025-02-25T16:41:40.090+05:30  INFO 16756 --- [EmployeePayrollApp] [SpringApplicationShutdownHook] j.LocalContainerEntityManagerFactoryBean : Closing JPA EntityManagerFactory for persistence unit 'default'
2025-02-25T16:41:40.100+05:30  WARN 16756 --- [EmployeePayrollApp] [SpringApplicationShutdownHook] o.s.b.f.support.DisposableBeanAdapter    : Invocation of destroy method failed on bean with name 'inMemoryDatabaseShutdownExecutor': org.h2.jdbc.JdbcSQLNonTransientConnectionException: Database is already closed (to disable automatic closing at VM shutdown, add ";DB_CLOSE_ON_EXIT=FALSE" to the db URL) [90121-232]
2025-02-25T16:41:40.101+05:30  INFO 16756 --- [EmployeePayrollApp] [SpringApplicationShutdownHook] com.zaxxer.hikari.HikariDataSource       : HikariPool-1 - Shutdown initiated...
2025-02-25T16:41:40.103+05:30  INFO 16756 --- [EmployeePayrollApp] [SpringApplicationShutdownHook] com.zaxxer.hikari.HikariDataSource       : HikariPool-1 - Shutdown completed.
